This is pdfTeX, Version 3.14159265-2.6-1.40.16 (TeX Live 2015) (preloaded format=pdflatex 2016.3.11)  13 SEP 2016 14:39
entering extended mode
 restricted \write18 enabled.
 file:line:error style messages enabled.
 %&-line parsing enabled.
**law4.tex
(./law4.tex
LaTeX2e <2015/01/01>
Babel <3.9l> and hyphenation patterns for 79 languages loaded.
./law4.tex:3: Undefined control sequence.
l.3 {\bfseries\color
                    [rgb]{0.4,0.4,0.4}
? 
./law4.tex:3: Emergency stop.
l.3 {\bfseries\color
                    [rgb]{0.4,0.4,0.4}
End of file on the terminal!

 
Here is how much of TeX's memory you used:
 10 strings out of 493089
 164 string characters out of 6134842
 53199 words of memory out of 5000000
 3593 multiletter control sequences out of 15000+600000
 4239 words of font info for 16 fonts, out of 8000000 for 9000
 1141 hyphenation exceptions out of 8191
 12i,0n,9p,62b,43s stack positions out of 5000i,500n,10000p,200000b,80000s
./law4.tex:3:  ==> Fatal error occurred, no output PDF file produced!
