This is pdfTeX, Version 3.14159265-2.6-1.40.17 (MiKTeX 2.9) (preloaded format=pdflatex 2016.8.27)  12 SEP 2016 17:25
entering extended mode
**./notes.tex
(notes.tex
LaTeX2e <2016/03/31> patch level 3
Babel <3.9r> and hyphenation patterns for 75 language(s) loaded.
! Undefined control sequence.
l.3 {\bfseries\color
                    [rgb]{0.4,0.4,0.4}
The control sequence at the end of the top line
of your error message was never \def'ed. If you have
misspelled it (e.g., `\hobx'), type `I' and the correct
spelling (e.g., `I\hbox'). Otherwise just continue,
and I'll forget about whatever was undefined.


! LaTeX Error: Missing \begin{document}.

See the LaTeX manual or LaTeX Companion for explanation.
Type  H <return>  for immediate help.
 ...                                              
                                                  
l.3 {\bfseries\color[
                     rgb]{0.4,0.4,0.4}
You're in trouble here.  Try typing  <return>  to proceed.
If that doesn't work, type  X <return>  to quit.


Overfull \hbox (89.9726pt too wide) in paragraph at lines 3--5
[]\OT1/cmss/bx/n/10 [rgb]0.4,0.4,0.4
 []


Overfull \hbox (35.7502pt too wide) in paragraph at lines 3--5
\OT1/cmss/bx/n/10 NOTES
 []


Overfull \hbox (15.88898pt too wide) in paragraph at lines 3--5
\OT1/cmss/bx/n/10 ON
 []


Overfull \hbox (21.69456pt too wide) in paragraph at lines 3--5
\OT1/cmss/bx/n/10 THE
 []


Overfull \hbox (28.41682pt too wide) in paragraph at lines 3--5
\OT1/cmss/bx/n/10 LAWS
 []


Overfull \hbox (14.05563pt too wide) in paragraph at lines 3--5
\OT1/cmss/bx/n/10 OF
 []


Overfull \hbox (21.69456pt too wide) in paragraph at lines 3--5
\OT1/cmss/bx/n/10 THE
 []


Overfull \hbox (30.86128pt too wide) in paragraph at lines 3--5
\OT1/cmss/bx/n/10 GAME
 []

! Undefined control sequence.
l.8 {\color
           [rgb]{0.4,0.4,0.4}{Modifications} }
The control sequence at the end of the top line
of your error message was never \def'ed. If you have
misspelled it (e.g., `\hobx'), type `I' and the correct
spelling (e.g., `I\hbox'). Otherwise just continue,
and I'll forget about whatever was undefined.


! LaTeX Error: Missing \begin{document}.

See the LaTeX manual or LaTeX Companion for explanation.
Type  H <return>  for immediate help.
 ...                                              
                                                  
l.8 {\color[
            rgb]{0.4,0.4,0.4}{Modifications} }
You're in trouble here.  Try typing  <return>  to proceed.
If that doesn't work, type  X <return>  to quit.


Overfull \hbox (139.44472pt too wide) in paragraph at lines 8--9
[]\OT1/cmss/m/n/10 [rgb]0.4,0.4,0.4Modifications
 []


! LaTeX Error: Missing \begin{document}.

See the LaTeX manual or LaTeX Companion for explanation.
Type  H <return>  for immediate help.
 ...                                              
                                                  
l.10 S
      ubject to the agreement of the member association concerned and provid...

You're in trouble here.  Try typing  <return>  to proceed.
If that doesn't work, type  X <return>  to quit.


Overfull \hbox (51.05559pt too wide) in paragraph at lines 10--11
[]\OT1/cmss/m/n/10 Subject
 []


Overfull \hbox (8.61113pt too wide) in paragraph at lines 10--11
\OT1/cmss/m/n/10 to
 []


Overfull \hbox (13.22223pt too wide) in paragraph at lines 10--11
\OT1/cmss/m/n/10 the
 []


Overfull \hbox (25.44449pt too wide) in paragraph at lines 10--11
\OT1/cmss/m/n/10 agree-
 []


Overfull \hbox (21.16669pt too wide) in paragraph at lines 10--11
\OT1/cmss/m/n/10 ment
 []


Overfull \hbox (8.05559pt too wide) in paragraph at lines 10--11
\OT1/cmss/m/n/10 of
 []


Overfull \hbox (13.22223pt too wide) in paragraph at lines 10--11
\OT1/cmss/m/n/10 the
 []


Overfull \hbox (23.66669pt too wide) in paragraph at lines 10--11
\OT1/cmss/m/n/10 mem-
 []


Overfull \hbox (13.30559pt too wide) in paragraph at lines 10--11
\OT1/cmss/m/n/10 ber
 []


Overfull \hbox (11.97223pt too wide) in paragraph at lines 10--11
\OT1/cmss/m/n/10 as-
 []


Overfull \hbox (12.16667pt too wide) in paragraph at lines 10--11
\OT1/cmss/m/n/10 so-
 []


Overfull \hbox (10.16666pt too wide) in paragraph at lines 10--11
\OT1/cmss/m/n/10 ci-
 []


Overfull \hbox (8.1389pt too wide) in paragraph at lines 10--11
\OT1/cmss/m/n/10 a-
 []


Overfull \hbox (16.16669pt too wide) in paragraph at lines 10--11
\OT1/cmss/m/n/10 tion
 []


Overfull \hbox (17.94446pt too wide) in paragraph at lines 10--11
\OT1/cmss/m/n/10 con-
 []


Overfull \hbox (27.08336pt too wide) in paragraph at lines 10--11
\OT1/cmss/m/n/10 cerned
 []


Overfull \hbox (15.13892pt too wide) in paragraph at lines 10--11
\OT1/cmss/m/n/10 and
 []


Overfull \hbox (16.63892pt too wide) in paragraph at lines 10--11
\OT1/cmss/m/n/10 pro-
 []


Overfull \hbox (21.7778pt too wide) in paragraph at lines 10--11
\OT1/cmss/m/n/10 vided
 []


Overfull \hbox (13.22223pt too wide) in paragraph at lines 10--11
\OT1/cmss/m/n/10 the
 []


Overfull \hbox (19.19446pt too wide) in paragraph at lines 10--11
\OT1/cmss/m/n/10 prin-
 []


Overfull \hbox (10.16666pt too wide) in paragraph at lines 10--11
\OT1/cmss/m/n/10 ci-
 []


Overfull \hbox (15.83333pt too wide) in paragraph at lines 10--11
\OT1/cmss/m/n/10 ples
 []


Overfull \hbox (8.05559pt too wide) in paragraph at lines 10--11
\OT1/cmss/m/n/10 of
 []


Overfull \hbox (21.5pt too wide) in paragraph at lines 10--11
\OT1/cmss/m/n/10 these
 []


Overfull \hbox (20.61116pt too wide) in paragraph at lines 10--11
\OT1/cmss/m/n/10 Laws
 []


Overfull \hbox (12.38892pt too wide) in paragraph at lines 10--11
\OT1/cmss/m/n/10 are
 []


Overfull \hbox (23.63892pt too wide) in paragraph at lines 10--11
\OT1/cmss/m/n/10 main-
 []


Overfull \hbox (28.36115pt too wide) in paragraph at lines 10--11
\OT1/cmss/m/n/10 tained,
 []


Overfull \hbox (13.22223pt too wide) in paragraph at lines 10--11
\OT1/cmss/m/n/10 the
 []


Overfull \hbox (20.61116pt too wide) in paragraph at lines 10--11
\OT1/cmss/m/n/10 Laws
 []


Overfull \hbox (17.08337pt too wide) in paragraph at lines 10--11
\OT1/cmss/m/n/10 may
 []


Overfull \hbox (9.8889pt too wide) in paragraph at lines 10--11
\OT1/cmss/m/n/10 be
 []


Overfull \hbox (21.72226pt too wide) in paragraph at lines 10--11
\OT1/cmss/m/n/10 mod-
 []


Overfull \hbox (5.72221pt too wide) in paragraph at lines 10--11
\OT1/cmss/m/n/10 i-
 []


Overfull \hbox (14.97223pt too wide) in paragraph at lines 10--11
\OT1/cmss/m/n/10 fied
 []


Overfull \hbox (7.55556pt too wide) in paragraph at lines 10--11
\OT1/cmss/m/n/10 in
 []


Overfull \hbox (19.0278pt too wide) in paragraph at lines 10--11
\OT1/cmss/m/n/10 their
 []


Overfull \hbox (13.30557pt too wide) in paragraph at lines 10--11
\OT1/cmss/m/n/10 ap-
 []


Overfull \hbox (13.27777pt too wide) in paragraph at lines 10--11
\OT1/cmss/m/n/10 pli-
 []


Overfull \hbox (12.58334pt too wide) in paragraph at lines 10--11
\OT1/cmss/m/n/10 ca-
 []


Overfull \hbox (16.16669pt too wide) in paragraph at lines 10--11
\OT1/cmss/m/n/10 tion
 []


Overfull \hbox (11.19449pt too wide) in paragraph at lines 10--11
\OT1/cmss/m/n/10 for
 []


Overfull \hbox (11.19446pt too wide) in paragraph at lines 10--11
\OT1/cmss/m/n/10 re-
 []


Overfull \hbox (24.75005pt too wide) in paragraph at lines 10--11
\OT1/cmss/m/n/10 gional
 []


Overfull \hbox (37.02782pt too wide) in paragraph at lines 10--11
\OT1/cmss/m/n/10 matches. 
 []


! LaTeX Error: Missing \begin{document}.

See the LaTeX manual or LaTeX Companion for explanation.
Type  H <return>  for immediate help.
 ...                                              
                                                  
l.12 A
      ny or all of the following modifications are permissible:
You're in trouble here.  Try typing  <return>  to proceed.
If that doesn't work, type  X <return>  to quit.


Overfull \hbox (36.44449pt too wide) in paragraph at lines 12--13
[]\OT1/cmss/m/n/10 Any
 []


Overfull \hbox (8.13892pt too wide) in paragraph at lines 12--13
\OT1/cmss/m/n/10 or
 []


Overfull \hbox (9.58334pt too wide) in paragraph at lines 12--13
\OT1/cmss/m/n/10 all
 []


Overfull \hbox (8.05559pt too wide) in paragraph at lines 12--13
\OT1/cmss/m/n/10 of
 []


Overfull \hbox (13.22223pt too wide) in paragraph at lines 12--13
\OT1/cmss/m/n/10 the
 []


Overfull \hbox (13.7778pt too wide) in paragraph at lines 12--13
\OT1/cmss/m/n/10 fol-
 []


Overfull \hbox (17.2778pt too wide) in paragraph at lines 12--13
\OT1/cmss/m/n/10 low-
 []


Overfull \hbox (12.55557pt too wide) in paragraph at lines 12--13
\OT1/cmss/m/n/10 ing
 []


Overfull \hbox (21.72226pt too wide) in paragraph at lines 12--13
\OT1/cmss/m/n/10 mod-
 []


Overfull \hbox (5.72221pt too wide) in paragraph at lines 12--13
\OT1/cmss/m/n/10 i-
 []


Overfull \hbox (8.69444pt too wide) in paragraph at lines 12--13
\OT1/cmss/m/n/10 fi-
 []


Overfull \hbox (12.58334pt too wide) in paragraph at lines 12--13
\OT1/cmss/m/n/10 ca-
 []


Overfull \hbox (20.00002pt too wide) in paragraph at lines 12--13
\OT1/cmss/m/n/10 tions
 []


Overfull \hbox (12.38892pt too wide) in paragraph at lines 12--13
\OT1/cmss/m/n/10 are
 []


Overfull \hbox (16.63892pt too wide) in paragraph at lines 12--13
\OT1/cmss/m/n/10 per-
 []


Overfull \hbox (17.5pt too wide) in paragraph at lines 12--13
\OT1/cmss/m/n/10 mis-
 []


Overfull \hbox (9.55554pt too wide) in paragraph at lines 12--13
\OT1/cmss/m/n/10 si-
 []


Overfull \hbox (14.77779pt too wide) in paragraph at lines 12--13
\OT1/cmss/m/n/10 ble: 
 []


! LaTeX Error: Missing \begin{document}.

See the LaTeX manual or LaTeX Companion for explanation.
Type  H <return>  for immediate help.
 ...                                              
                                                  
l.14 \begin{itemize}
                    
You're in trouble here.  Try typing  <return>  to proceed.
If that doesn't work, type  X <return>  to quit.


Overfull \hbox (20.0pt too wide) in paragraph at lines 14--14
[] 
 []


Overfull \hbox (15.01389pt too wide) in paragraph at lines 15--16
\OT1/cmss/m/n/10 size
 []


Overfull \hbox (8.05559pt too wide) in paragraph at lines 15--16
\OT1/cmss/m/n/10 of
 []


Overfull \hbox (13.22223pt too wide) in paragraph at lines 15--16
\OT1/cmss/m/n/10 the
 []


Overfull \hbox (17.36111pt too wide) in paragraph at lines 15--16
\OT1/cmss/m/n/10 field
 []


Overfull \hbox (8.05559pt too wide) in paragraph at lines 15--16
\OT1/cmss/m/n/10 of
 []


Overfull \hbox (16.69447pt too wide) in paragraph at lines 15--16
\OT1/cmss/m/n/10 play 
 []


Overfull \hbox (17.79167pt too wide) in paragraph at lines 16--17
\OT1/cmss/m/n/10 size,
 []


Overfull \hbox (27.1667pt too wide) in paragraph at lines 16--17
\OT1/cmss/m/n/10 weight
 []


Overfull \hbox (15.13892pt too wide) in paragraph at lines 16--17
\OT1/cmss/m/n/10 and
 []


Overfull \hbox (16.08336pt too wide) in paragraph at lines 16--17
\OT1/cmss/m/n/10 ma-
 []


Overfull \hbox (11.38889pt too wide) in paragraph at lines 16--17
\OT1/cmss/m/n/10 te-
 []


Overfull \hbox (13.00003pt too wide) in paragraph at lines 16--17
\OT1/cmss/m/n/10 rial
 []


Overfull \hbox (8.05559pt too wide) in paragraph at lines 16--17
\OT1/cmss/m/n/10 of
 []


Overfull \hbox (13.22223pt too wide) in paragraph at lines 16--17
\OT1/cmss/m/n/10 the
 []


Overfull \hbox (14.75002pt too wide) in paragraph at lines 16--17
\OT1/cmss/m/n/10 ball 
 []


Overfull \hbox (23.1667pt too wide) in paragraph at lines 17--18
\OT1/cmss/m/n/10 width
 []


Overfull \hbox (13.22223pt too wide) in paragraph at lines 17--18
\OT1/cmss/m/n/10 be-
 []


Overfull \hbox (23.94446pt too wide) in paragraph at lines 17--18
\OT1/cmss/m/n/10 tween
 []


Overfull \hbox (13.22223pt too wide) in paragraph at lines 17--18
\OT1/cmss/m/n/10 the
 []


Overfull \hbox (20.52782pt too wide) in paragraph at lines 17--18
\OT1/cmss/m/n/10 goal-
 []


Overfull \hbox (21.72224pt too wide) in paragraph at lines 17--18
\OT1/cmss/m/n/10 posts
 []


Overfull \hbox (15.13892pt too wide) in paragraph at lines 17--18
\OT1/cmss/m/n/10 and
 []


Overfull \hbox (25.7778pt too wide) in paragraph at lines 17--18
\OT1/cmss/m/n/10 height
 []


Overfull \hbox (8.05559pt too wide) in paragraph at lines 17--18
\OT1/cmss/m/n/10 of
 []


Overfull \hbox (13.22223pt too wide) in paragraph at lines 17--18
\OT1/cmss/m/n/10 the
 []


Overfull \hbox (23.86113pt too wide) in paragraph at lines 17--18
\OT1/cmss/m/n/10 cross-
 []


Overfull \hbox (13.11115pt too wide) in paragraph at lines 17--18
\OT1/cmss/m/n/10 bar
 []


Overfull \hbox (19.41673pt too wide) in paragraph at lines 17--18
\OT1/cmss/m/n/10 from
 []


Overfull \hbox (13.22223pt too wide) in paragraph at lines 17--18
\OT1/cmss/m/n/10 the
 []


Overfull \hbox (28.91673pt too wide) in paragraph at lines 17--18
\OT1/cmss/m/n/10 ground 
 []


! LaTeX Error: The font size command \normalsize is not defined:
               there is probably something wrong with the class file.

See the LaTeX manual or LaTeX Companion for explanation.
Type  H <return>  for immediate help.
 ...                                              
                                                  
l.18 \item d
            uration of the periods of play
Your command was ignored.
Type  I <command> <return>  to replace it with another command,
or  <return>  to continue without it.

[1

{C:/ProgramData/MiKTeX/2.9/pdftex/config/pdftex.map}]
Overfull \hbox (34.72229pt too wide) in paragraph at lines 18--19
\OT1/cmss/m/n/10 duration
 []


Overfull \hbox (8.05559pt too wide) in paragraph at lines 18--19
\OT1/cmss/m/n/10 of
 []


Overfull \hbox (13.22223pt too wide) in paragraph at lines 18--19
\OT1/cmss/m/n/10 the
 []


Overfull \hbox (13.22223pt too wide) in paragraph at lines 18--19
\OT1/cmss/m/n/10 pe-
 []


Overfull \hbox (9.1389pt too wide) in paragraph at lines 18--19
\OT1/cmss/m/n/10 ri-
 []


Overfull \hbox (14.2778pt too wide) in paragraph at lines 18--19
\OT1/cmss/m/n/10 ods
 []


Overfull \hbox (8.05559pt too wide) in paragraph at lines 18--19
\OT1/cmss/m/n/10 of
 []


Overfull \hbox (16.69447pt too wide) in paragraph at lines 18--19
\OT1/cmss/m/n/10 play 
 []


Overfull \hbox (52.7778pt too wide) in paragraph at lines 19--20
\OT1/cmss/m/n/10 substitutions 
 []

! Undefined control sequence.
l.24 \color
           [rgb]{0.4,0.4,0.4}{Male and Female} }
The control sequence at the end of the top line
of your error message was never \def'ed. If you have
misspelled it (e.g., `\hobx'), type `I' and the correct
spelling (e.g., `I\hbox'). Otherwise just continue,
and I'll forget about whatever was undefined.

! Too many }'s.
l.24 \color[rgb]{0.4,0.4,0.4}{Male and Female} }
                                                
You've closed more groups than you opened.
Such booboos are generally harmless, so keep going.


Overfull \hbox (103.63911pt too wide) in paragraph at lines 24--25
[]\OT1/cmss/m/n/10 [rgb]0.4,0.4,0.4Male
 []


Overfull \hbox (15.13892pt too wide) in paragraph at lines 24--25
\OT1/cmss/m/n/10 and
 []


Overfull \hbox (13.19446pt too wide) in paragraph at lines 24--25
\OT1/cmss/m/n/10 Fe-
 []


Overfull \hbox (19.58336pt too wide) in paragraph at lines 24--25
\OT1/cmss/m/n/10 male
 []


Overfull \hbox (64.15283pt too wide) in paragraph at lines 26--27
[]\OT1/cmss/m/n/10 References
 []


Overfull \hbox (8.61113pt too wide) in paragraph at lines 26--27
\OT1/cmss/m/n/10 to
 []


Overfull \hbox (13.22223pt too wide) in paragraph at lines 26--27
\OT1/cmss/m/n/10 the
 []


Overfull \hbox (19.58336pt too wide) in paragraph at lines 26--27
\OT1/cmss/m/n/10 male
 []


Overfull \hbox (17.94446pt too wide) in paragraph at lines 26--27
\OT1/cmss/m/n/10 gen-
 []


Overfull \hbox (13.0278pt too wide) in paragraph at lines 26--27
\OT1/cmss/m/n/10 der
 []


Overfull \hbox (7.55556pt too wide) in paragraph at lines 26--27
\OT1/cmss/m/n/10 in
 []


Overfull \hbox (13.22223pt too wide) in paragraph at lines 26--27
\OT1/cmss/m/n/10 the
 []


Overfull \hbox (20.61116pt too wide) in paragraph at lines 26--27
\OT1/cmss/m/n/10 Laws
 []


Overfull \hbox (8.05559pt too wide) in paragraph at lines 26--27
\OT1/cmss/m/n/10 of
 []


Overfull \hbox (13.22223pt too wide) in paragraph at lines 26--27
\OT1/cmss/m/n/10 the
 []


Overfull \hbox (23.86116pt too wide) in paragraph at lines 26--27
\OT1/cmss/m/n/10 Game
 []


Overfull \hbox (7.55556pt too wide) in paragraph at lines 26--27
\OT1/cmss/m/n/10 in
 []


Overfull \hbox (11.19446pt too wide) in paragraph at lines 26--27
\OT1/cmss/m/n/10 re-
 []


Overfull \hbox (21.77779pt too wide) in paragraph at lines 26--27
\OT1/cmss/m/n/10 spect
 []


Overfull \hbox (8.05559pt too wide) in paragraph at lines 26--27
\OT1/cmss/m/n/10 of
 []


Overfull \hbox (14.25003pt too wide) in paragraph at lines 26--27
\OT1/cmss/m/n/10 ref-
 []


Overfull \hbox (11.19446pt too wide) in paragraph at lines 26--27
\OT1/cmss/m/n/10 er-
 []


Overfull \hbox (15.5pt too wide) in paragraph at lines 26--27
\OT1/cmss/m/n/10 ees,
 []


Overfull \hbox (11.97223pt too wide) in paragraph at lines 26--27
\OT1/cmss/m/n/10 as-
 []


Overfull \hbox (13.38887pt too wide) in paragraph at lines 26--27
\OT1/cmss/m/n/10 sis-
 []


Overfull \hbox (17.19447pt too wide) in paragraph at lines 26--27
\OT1/cmss/m/n/10 tant
 []


Overfull \hbox (14.25003pt too wide) in paragraph at lines 26--27
\OT1/cmss/m/n/10 ref-
 []


Overfull \hbox (11.19446pt too wide) in paragraph at lines 26--27
\OT1/cmss/m/n/10 er-
 []


Overfull \hbox (15.5pt too wide) in paragraph at lines 26--27
\OT1/cmss/m/n/10 ees,
 []


Overfull \hbox (20.0278pt too wide) in paragraph at lines 26--27
\OT1/cmss/m/n/10 play-
 []


Overfull \hbox (11.69446pt too wide) in paragraph at lines 26--27
\OT1/cmss/m/n/10 ers
 []


Overfull \hbox (15.13892pt too wide) in paragraph at lines 26--27
\OT1/cmss/m/n/10 and
 []


Overfull \hbox (11.38892pt too wide) in paragraph at lines 26--27
\OT1/cmss/m/n/10 of-
 []


Overfull \hbox (8.69444pt too wide) in paragraph at lines 26--27
\OT1/cmss/m/n/10 fi-
 []


Overfull \hbox (17.86111pt too wide) in paragraph at lines 26--27
\OT1/cmss/m/n/10 cials
 []


Overfull \hbox (12.38892pt too wide) in paragraph at lines 26--27
\OT1/cmss/m/n/10 are
 []


Overfull \hbox (11.19449pt too wide) in paragraph at lines 26--27
\OT1/cmss/m/n/10 for
 []


Overfull \hbox (17.5pt too wide) in paragraph at lines 26--27
\OT1/cmss/m/n/10 sim-
 []


Overfull \hbox (13.27777pt too wide) in paragraph at lines 26--27
\OT1/cmss/m/n/10 pli-
 []


Overfull \hbox (8.69444pt too wide) in paragraph at lines 26--27
\OT1/cmss/m/n/10 fi-
 []


Overfull \hbox (12.58334pt too wide) in paragraph at lines 26--27
\OT1/cmss/m/n/10 ca-
 []


Overfull \hbox (16.16669pt too wide) in paragraph at lines 26--27
\OT1/cmss/m/n/10 tion
 []


Overfull \hbox (15.13892pt too wide) in paragraph at lines 26--27
\OT1/cmss/m/n/10 and
 []


Overfull \hbox (13.30557pt too wide) in paragraph at lines 26--27
\OT1/cmss/m/n/10 ap-
 []


Overfull \hbox (12.16669pt too wide) in paragraph at lines 26--27
\OT1/cmss/m/n/10 ply
 []


Overfull \hbox (8.61113pt too wide) in paragraph at lines 26--27
\OT1/cmss/m/n/10 to
 []


Overfull \hbox (19.22226pt too wide) in paragraph at lines 26--27
\OT1/cmss/m/n/10 both
 []


Overfull \hbox (17.55557pt too wide) in paragraph at lines 26--27
\OT1/cmss/m/n/10 men
 []


Overfull \hbox (15.13892pt too wide) in paragraph at lines 26--27
\OT1/cmss/m/n/10 and
 []


Overfull \hbox (31.88895pt too wide) in paragraph at lines 26--27
\OT1/cmss/m/n/10 women. 
 []

! Undefined control sequence.
l.30 {\color
            [rgb]{0.4,0.4,0.4}{Official languages} }
The control sequence at the end of the top line
of your error message was never \def'ed. If you have
misspelled it (e.g., `\hobx'), type `I' and the correct
spelling (e.g., `I\hbox'). Otherwise just continue,
and I'll forget about whatever was undefined.


Overfull \hbox (112.77797pt too wide) in paragraph at lines 30--31
[]\OT1/cmss/m/n/10 [rgb]0.4,0.4,0.4Official
 []


Overfull \hbox (15.69446pt too wide) in paragraph at lines 30--31
\OT1/cmss/m/n/10 lan-
 []


Overfull \hbox (28.25005pt too wide) in paragraph at lines 30--31
\OT1/cmss/m/n/10 guages
 []


Overfull \hbox (58.62509pt too wide) in paragraph at lines 32--33
[]\OT1/cmss/m/n/10 RoboCup
 []


Overfull \hbox (15.58337pt too wide) in paragraph at lines 32--33
\OT1/cmss/m/n/10 Hu-
 []


Overfull \hbox (30.47227pt too wide) in paragraph at lines 32--33
\OT1/cmss/m/n/10 manoid
 []


Overfull \hbox (29.27783pt too wide) in paragraph at lines 32--33
\OT1/cmss/m/n/10 League
 []


Overfull \hbox (23.36111pt too wide) in paragraph at lines 32--33
\OT1/cmss/m/n/10 Tech-
 []


Overfull \hbox (10.88889pt too wide) in paragraph at lines 32--33
\OT1/cmss/m/n/10 ni-
 []


Overfull \hbox (11.6389pt too wide) in paragraph at lines 32--33
\OT1/cmss/m/n/10 cal
 []


Overfull \hbox (22.6667pt too wide) in paragraph at lines 32--33
\OT1/cmss/m/n/10 Com-
 []


Overfull \hbox (17.27779pt too wide) in paragraph at lines 32--33
\OT1/cmss/m/n/10 mit-
 []


Overfull \hbox (12.5pt too wide) in paragraph at lines 32--33
\OT1/cmss/m/n/10 tee
 []


Overfull \hbox (18.83334pt too wide) in paragraph at lines 32--33
\OT1/cmss/m/n/10 pub-
 []


Overfull \hbox (22.05554pt too wide) in paragraph at lines 32--33
\OT1/cmss/m/n/10 lishes
 []


Overfull \hbox (13.22223pt too wide) in paragraph at lines 32--33
\OT1/cmss/m/n/10 the
 []


Overfull \hbox (20.61116pt too wide) in paragraph at lines 32--33
\OT1/cmss/m/n/10 Laws
 []


Overfull \hbox (8.05559pt too wide) in paragraph at lines 32--33
\OT1/cmss/m/n/10 of
 []


Overfull \hbox (13.22223pt too wide) in paragraph at lines 32--33
\OT1/cmss/m/n/10 the
 []


Overfull \hbox (23.86116pt too wide) in paragraph at lines 32--33
\OT1/cmss/m/n/10 Game
 []


Overfull \hbox (7.55556pt too wide) in paragraph at lines 32--33
\OT1/cmss/m/n/10 in
 []


Overfull \hbox (14.47223pt too wide) in paragraph at lines 32--33
\OT1/cmss/m/n/10 En-
 []


Overfull \hbox (21.55557pt too wide) in paragraph at lines 32--33
\OT1/cmss/m/n/10 glish. 
 []

! Undefined control sequence.
l.36 {\color
            [rgb]{0.4,0.4,0.4}{Key} }
The control sequence at the end of the top line
of your error message was never \def'ed. If you have
misspelled it (e.g., `\hobx'), type `I' and the correct
spelling (e.g., `I\hbox'). Otherwise just continue,
and I'll forget about whatever was undefined.


Overfull \hbox (99.25021pt too wide) in paragraph at lines 36--37
[]\OT1/cmss/m/n/10 [rgb]0.4,0.4,0.4Key
 []

)
! Emergency stop.
<*> ./notes.tex
               
*** (job aborted, no legal \end found)

 
Here is how much of TeX's memory you used:
 15 strings out of 493334
 161 string characters out of 3136672
 56242 words of memory out of 3000000
 3641 multiletter control sequences out of 15000+200000
 4239 words of font info for 16 fonts, out of 3000000 for 9000
 1141 hyphenation exceptions out of 8191
 21i,4n,15p,201b,131s stack positions out of 5000i,500n,10000p,200000b,50000s
!  ==> Fatal error occurred, no output PDF file produced!
