\BOOKMARK [1][-]{section*.2}{}{}% 1
\BOOKMARK [1][-]{section*.2}{Law 1 \205 The Field of Play}{}% 2
\BOOKMARK [1][-]{table.caption.4}{LAW 2 \205 The Ball}{}% 3
\BOOKMARK [1][-]{table.caption.4}{LAW 3 \205 The Number of Players}{}% 4
\BOOKMARK [1][-]{table.caption.4}{LAW 4 \205 The Players \('Equipment'\)}{}% 5
\BOOKMARK [1][-]{figure.caption.5}{LAW 5 \205 The Referee}{}% 6
\BOOKMARK [1][-]{figure.caption.5}{LAW 6 \205 The Assistant Referees}{}% 7
\BOOKMARK [1][-]{figure.caption.5}{LAW 7 \205 The Duration of the Match}{}% 8
\BOOKMARK [1][-]{figure.caption.5}{LAW 8 \205 The Start and Restart of Play}{}% 9
\BOOKMARK [1][-]{figure.caption.5}{LAW 9 \205 The Ball In and Out of Play}{}% 10
\BOOKMARK [1][-]{figure.caption.5}{Law 10 \205 The Method of Scoring}{}% 11
\BOOKMARK [1][-]{figure.caption.5}{Law 11 \205 Offside \(suspended\)}{}% 12
\BOOKMARK [1][-]{figure.caption.5}{LAW 12 \205 Fouls and Misconduct}{}% 13
\BOOKMARK [1][-]{figure.caption.5}{LAW 13 \205 Free Kicks}{}% 14
\BOOKMARK [1][-]{figure.caption.5}{LAW 14 \205 The Penalty Kick \(suspended\)}{}% 15
\BOOKMARK [1][-]{figure.caption.5}{LAW 15 \205 The Throw-In}{}% 16
\BOOKMARK [1][-]{figure.caption.5}{LAW 16 \205 The Goal Kick}{}% 17
\BOOKMARK [1][-]{figure.caption.5}{LAW 17 \205 The Corner Kick}{}% 18
\BOOKMARK [1][-]{figure.caption.5}{PROCEDURES TO DETERMINE THE WINNER OF A MATCH OR HOME-AND-AWAY}{}% 19
\BOOKMARK [1][-]{Item.6}{THE TECHNICAL AREA}{}% 20
\BOOKMARK [1][-]{Item.6}{THE FOURTH OFFICIAL AND THE RESERVE ASSISTANT REFEREE}{}% 21
\BOOKMARK [1][-]{Item.6}{THE ADDITIONAL ASSISTANT REFEREE}{}% 22
